This is pdfTeX, Version 3.141592653-2.6-1.40.27 (TeX Live 2025/nixos.org) (preloaded format=pdflatex 1980.1.1)  24 FEB 2026 13:10
entering extended mode
 restricted \write18 enabled.
 file:line:error style messages enabled.
 %&-line parsing enabled.
**main.tex
(./main.tex
LaTeX2e <2025-06-01> patch level 1
L3 programming layer <2025-06-09>
(/nix/store/vmxfvknasr3gjwiaivg3m4z7gz6a65a1-texlive-combined-full-2025.20250703-texmfdist/tex/latex/base/article.cls
Document Class: article 2025/01/22 v1.4n Standard LaTeX document class
(/nix/store/vmxfvknasr3gjwiaivg3m4z7gz6a65a1-texlive-combined-full-2025.20250703-texmfdist/tex/latex/base/size11.clo
File: size11.clo 2025/01/22 v1.4n Standard LaTeX file (size option)
)
\c@part=\count275
\c@section=\count276
\c@subsection=\count277
\c@subsubsection=\count278
\c@paragraph=\count279
\c@subparagraph=\count280
\c@figure=\count281
\c@table=\count282
\abovecaptionskip=\skip49
\belowcaptionskip=\skip50
\bibindent=\dimen148
) (./preamble.tex (/nix/store/vmxfvknasr3gjwiaivg3m4z7gz6a65a1-texlive-combined-full-2025.20250703-texmfdist/tex/latex/geometry/geometry.sty
Package: geometry 2020/01/02 v5.9 Page Geometry
 (/nix/store/vmxfvknasr3gjwiaivg3m4z7gz6a65a1-texlive-combined-full-2025.20250703-texmfdist/tex/latex/graphics/keyval.sty
Package: keyval 2022/05/29 v1.15 key=value parser (DPC)
\KV@toks@=\toks17
) (/nix/store/vmxfvknasr3gjwiaivg3m4z7gz6a65a1-texlive-combined-full-2025.20250703-texmfdist/tex/generic/iftex/ifvtex.sty
Package: ifvtex 2019/10/25 v1.7 ifvtex legacy package. Use iftex instead.
 (/nix/store/vmxfvknasr3gjwiaivg3m4z7gz6a65a1-texlive-combined-full-2025.20250703-texmfdist/tex/generic/iftex/iftex.sty
Package: iftex 2024/12/12 v1.0g TeX engine tests
))
\Gm@cnth=\count283
\Gm@cntv=\count284
\c@Gm@tempcnt=\count285
\Gm@bindingoffset=\dimen149
\Gm@wd@mp=\dimen150
\Gm@odd@mp=\dimen151
\Gm@even@mp=\dimen152
\Gm@layoutwidth=\dimen153
\Gm@layoutheight=\dimen154
\Gm@layouthoffset=\dimen155
\Gm@layoutvoffset=\dimen156
\Gm@dimlist=\toks18
) (/nix/store/vmxfvknasr3gjwiaivg3m4z7gz6a65a1-texlive-combined-full-2025.20250703-texmfdist/tex/latex/fancyhdr/fancyhdr.sty
Package: fancyhdr 2025/02/07 v5.2 Extensive control of page headers and footers
\f@nch@headwidth=\skip51
\f@nch@offset@elh=\skip52
\f@nch@offset@erh=\skip53
\f@nch@offset@olh=\skip54
\f@nch@offset@orh=\skip55
\f@nch@offset@elf=\skip56
\f@nch@offset@erf=\skip57
\f@nch@offset@olf=\skip58
\f@nch@offset@orf=\skip59
\f@nch@height=\skip60
\f@nch@footalignment=\skip61
\f@nch@widthL=\skip62
\f@nch@widthC=\skip63
\f@nch@widthR=\skip64
\@temptokenb=\toks19
) (/nix/store/vmxfvknasr3gjwiaivg3m4z7gz6a65a1-texlive-combined-full-2025.20250703-texmfdist/tex/latex/parskip/parskip.sty
Package: parskip 2021-03-14 v2.0h non-zero parskip adjustments
 (/nix/store/vmxfvknasr3gjwiaivg3m4z7gz6a65a1-texlive-combined-full-2025.20250703-texmfdist/tex/latex/kvoptions/kvoptions.sty
Package: kvoptions 2022-06-15 v3.15 Key value format for package options (HO)
 (/nix/store/vmxfvknasr3gjwiaivg3m4z7gz6a65a1-texlive-combined-full-2025.20250703-texmfdist/tex/generic/ltxcmds/ltxcmds.sty
Package: ltxcmds 2023-12-04 v1.26 LaTeX kernel commands for general use (HO)
) (/nix/store/vmxfvknasr3gjwiaivg3m4z7gz6a65a1-texlive-combined-full-2025.20250703-texmfdist/tex/latex/kvsetkeys/kvsetkeys.sty
Package: kvsetkeys 2022-10-05 v1.19 Key value parser (HO)
)) (/nix/store/vmxfvknasr3gjwiaivg3m4z7gz6a65a1-texlive-combined-full-2025.20250703-texmfdist/tex/latex/etoolbox/etoolbox.sty
Package: etoolbox 2025/02/11 v2.5l e-TeX tools for LaTeX (JAW)
\etb@tempcnta=\count286
)) (/nix/store/vmxfvknasr3gjwiaivg3m4z7gz6a65a1-texlive-combined-full-2025.20250703-texmfdist/tex/latex/microtype/microtype.sty
Package: microtype 2025/02/11 v3.2a Micro-typographical refinements (RS)
\MT@toks=\toks20
\MT@tempbox=\box53
\MT@count=\count287
LaTeX Info: Redefining \noprotrusionifhmode on input line 1087.
LaTeX Info: Redefining \leftprotrusion on input line 1088.
\MT@prot@toks=\toks21
LaTeX Info: Redefining \rightprotrusion on input line 1107.
LaTeX Info: Redefining \textls on input line 1449.
\MT@outer@kern=\dimen157
LaTeX Info: Redefining \microtypecontext on input line 2053.
LaTeX Info: Redefining \textmicrotypecontext on input line 2070.
\MT@listname@count=\count288
 (/nix/store/vmxfvknasr3gjwiaivg3m4z7gz6a65a1-texlive-combined-full-2025.20250703-texmfdist/tex/latex/microtype/microtype-pdftex.def
File: microtype-pdftex.def 2025/02/11 v3.2a Definitions specific to pdftex (RS)
LaTeX Info: Redefining \lsstyle on input line 944.
LaTeX Info: Redefining \lslig on input line 944.
\MT@outer@space=\skip65
)
Package microtype Info: Loading configuration file microtype.cfg.
 (/nix/store/vmxfvknasr3gjwiaivg3m4z7gz6a65a1-texlive-combined-full-2025.20250703-texmfdist/tex/latex/microtype/microtype.cfg
File: microtype.cfg 2025/02/11 v3.2a microtype main configuration file (RS)
)
LaTeX Info: Redefining \microtypesetup on input line 3065.
) (/nix/store/vmxfvknasr3gjwiaivg3m4z7gz6a65a1-texlive-combined-full-2025.20250703-texmfdist/tex/latex/float/float.sty
Package: float 2001/11/08 v1.3d Float enhancements (AL)
\c@float@type=\count289
\float@exts=\toks22
\float@box=\box54
\@float@everytoks=\toks23
\@floatcapt=\box55
) (/nix/store/vmxfvknasr3gjwiaivg3m4z7gz6a65a1-texlive-combined-full-2025.20250703-texmfdist/tex/latex/booktabs/booktabs.sty
Package: booktabs 2020/01/12 v1.61803398 Publication quality tables
\heavyrulewidth=\dimen158
\lightrulewidth=\dimen159
\cmidrulewidth=\dimen160
\belowrulesep=\dimen161
\belowbottomsep=\dimen162
\aboverulesep=\dimen163
\abovetopsep=\dimen164
\cmidrulesep=\dimen165
\cmidrulekern=\dimen166
\defaultaddspace=\dimen167
\@cmidla=\count290
\@cmidlb=\count291
\@aboverulesep=\dimen168
\@belowrulesep=\dimen169
\@thisruleclass=\count292
\@lastruleclass=\count293
\@thisrulewidth=\dimen170
)
(/nix/store/vmxfvknasr3gjwiaivg3m4z7gz6a65a1-texlive-combined-full-2025.20250703-texmfdist/tex/latex/enumitem/enumitem.sty
Package: enumitem 2025/02/06 v3.11 Customized lists
\labelindent=\skip66
\enit@outerparindent=\dimen171
\enit@toks=\toks24
\enit@inbox=\box56
\enit@count@id=\count294
\enitdp@description=\count295
) (/nix/store/vmxfvknasr3gjwiaivg3m4z7gz6a65a1-texlive-combined-full-2025.20250703-texmfdist/tex/latex/amsmath/amsmath.sty
Package: amsmath 2025/06/16 v2.17y AMS math features
\@mathmargin=\skip67

For additional information on amsmath, use the `?' option.
(/nix/store/vmxfvknasr3gjwiaivg3m4z7gz6a65a1-texlive-combined-full-2025.20250703-texmfdist/tex/latex/amsmath/amstext.sty
Package: amstext 2024/11/17 v2.01 AMS text
 (/nix/store/vmxfvknasr3gjwiaivg3m4z7gz6a65a1-texlive-combined-full-2025.20250703-texmfdist/tex/latex/amsmath/amsgen.sty
File: amsgen.sty 1999/11/30 v2.0 generic functions
\@emptytoks=\toks25
\ex@=\dimen172
)) (/nix/store/vmxfvknasr3gjwiaivg3m4z7gz6a65a1-texlive-combined-full-2025.20250703-texmfdist/tex/latex/amsmath/amsbsy.sty
Package: amsbsy 1999/11/29 v1.2d Bold Symbols
\pmbraise@=\dimen173
) (/nix/store/vmxfvknasr3gjwiaivg3m4z7gz6a65a1-texlive-combined-full-2025.20250703-texmfdist/tex/latex/amsmath/amsopn.sty
Package: amsopn 2022/04/08 v2.04 operator names
)
\inf@bad=\count296
LaTeX Info: Redefining \frac on input line 233.
\uproot@=\count297
\leftroot@=\count298
LaTeX Info: Redefining \overline on input line 398.
LaTeX Info: Redefining \colon on input line 409.
\classnum@=\count299
\DOTSCASE@=\count300
LaTeX Info: Redefining \ldots on input line 495.
LaTeX Info: Redefining \dots on input line 498.
LaTeX Info: Redefining \cdots on input line 619.
\Mathstrutbox@=\box57
\strutbox@=\box58
LaTeX Info: Redefining \big on input line 721.
LaTeX Info: Redefining \Big on input line 722.
LaTeX Info: Redefining \bigg on input line 723.
LaTeX Info: Redefining \Bigg on input line 724.
\big@size=\dimen174
LaTeX Font Info:    Redeclaring font encoding OML on input line 742.
LaTeX Font Info:    Redeclaring font encoding OMS on input line 743.
\macc@depth=\count301
LaTeX Info: Redefining \bmod on input line 904.
LaTeX Info: Redefining \pmod on input line 909.
LaTeX Info: Redefining \smash on input line 939.
LaTeX Info: Redefining \relbar on input line 969.
LaTeX Info: Redefining \Relbar on input line 970.
\c@MaxMatrixCols=\count302
\dotsspace@=\muskip17
\c@parentequation=\count303
\dspbrk@lvl=\count304
\tag@help=\toks26
\row@=\count305
\column@=\count306
\maxfields@=\count307
\andhelp@=\toks27
\eqnshift@=\dimen175
\alignsep@=\dimen176
\tagshift@=\dimen177
\tagwidth@=\dimen178
\totwidth@=\dimen179
\lineht@=\dimen180
\@envbody=\toks28
\multlinegap=\skip68
\multlinetaggap=\skip69
\mathdisplay@stack=\toks29
LaTeX Info: Redefining \[ on input line 2949.
LaTeX Info: Redefining \] on input line 2950.
) (/nix/store/vmxfvknasr3gjwiaivg3m4z7gz6a65a1-texlive-combined-full-2025.20250703-texmfdist/tex/latex/amsfonts/amssymb.sty
Package: amssymb 2013/01/14 v3.01 AMS font symbols
 (/nix/store/vmxfvknasr3gjwiaivg3m4z7gz6a65a1-texlive-combined-full-2025.20250703-texmfdist/tex/latex/amsfonts/amsfonts.sty
Package: amsfonts 2013/01/14 v3.01 Basic AMSFonts support
\symAMSa=\mathgroup4
\symAMSb=\mathgroup5
LaTeX Font Info:    Redeclaring math symbol \hbar on input line 98.
LaTeX Font Info:    Overwriting math alphabet `\mathfrak' in version `bold'
(Font)                  U/euf/m/n --> U/euf/b/n on input line 106.
)) (/nix/store/vmxfvknasr3gjwiaivg3m4z7gz6a65a1-texlive-combined-full-2025.20250703-texmfdist/tex/latex/amscls/amsthm.sty
Package: amsthm 2020/05/29 v2.20.6
\thm@style=\toks30
\thm@bodyfont=\toks31
\thm@headfont=\toks32
\thm@notefont=\toks33
\thm@headpunct=\toks34
\thm@preskip=\skip70
\thm@postskip=\skip71
\thm@headsep=\skip72
\dth@everypar=\toks35
) (/nix/store/vmxfvknasr3gjwiaivg3m4z7gz6a65a1-texlive-combined-full-2025.20250703-texmfdist/tex/latex/mathtools/mathtools.sty
Package: mathtools 2024/10/04 v1.31 mathematical typesetting tools
 (/nix/store/vmxfvknasr3gjwiaivg3m4z7gz6a65a1-texlive-combined-full-2025.20250703-texmfdist/tex/latex/tools/calc.sty
Package: calc 2025/03/01 v4.3b Infix arithmetic (KKT,FJ)
\calc@Acount=\count308
\calc@Bcount=\count309
\calc@Adimen=\dimen181
\calc@Bdimen=\dimen182
\calc@Askip=\skip73
\calc@Bskip=\skip74
LaTeX Info: Redefining \setlength on input line 86.
LaTeX Info: Redefining \addtolength on input line 87.
\calc@Ccount=\count310
\calc@Cskip=\skip75
) (/nix/store/vmxfvknasr3gjwiaivg3m4z7gz6a65a1-texlive-combined-full-2025.20250703-texmfdist/tex/latex/mathtools/mhsetup.sty
Package: mhsetup 2021/03/18 v1.4 programming setup (MH)
)
\g_MT_multlinerow_int=\count311
\l_MT_multwidth_dim=\dimen183
\origjot=\skip76
\l_MT_shortvdotswithinadjustabove_dim=\dimen184
\l_MT_shortvdotswithinadjustbelow_dim=\dimen185
\l_MT_above_intertext_sep=\dimen186
\l_MT_below_intertext_sep=\dimen187
\l_MT_above_shortintertext_sep=\dimen188
\l_MT_below_shortintertext_sep=\dimen189
\xmathstrut@box=\box59
\xmathstrut@dim=\dimen190
) (/nix/store/vmxfvknasr3gjwiaivg3m4z7gz6a65a1-texlive-combined-full-2025.20250703-texmfdist/tex/latex/esint/esint.sty
Package: esint 
\symlargesymbolsA=\mathgroup6
) (/nix/store/vmxfvknasr3gjwiaivg3m4z7gz6a65a1-texlive-combined-full-2025.20250703-texmfdist/tex/latex/tensor/tensor.sty
Package: tensor 2023/07/18 v2.2 tensor indices package (PGR)
\tnsr@Sps=\toks36
\tnsr@Sbs=\toks37
\tnsr@Spe=\toks38
\tnsr@Sbe=\toks39
\ncld@Mno=\toks40
) (/nix/store/vmxfvknasr3gjwiaivg3m4z7gz6a65a1-texlive-combined-full-2025.20250703-texmfdist/tex/latex/cancel/cancel.sty
Package: cancel 2013/04/12 v2.2 Cancel math terms
) (/nix/store/vmxfvknasr3gjwiaivg3m4z7gz6a65a1-texlive-combined-full-2025.20250703-texmfdist/tex/latex/tools/bm.sty
Package: bm 2023/12/19 v1.2f Bold Symbol Support (DPC/FMi)
\symboldoperators=\mathgroup7
\symboldletters=\mathgroup8
\symboldsymbols=\mathgroup9
Package bm Info: No bold for \OMX/cmex/m/n, using \pmb.
Package bm Info: No bold for \U/msa/m/n, using \pmb.
Package bm Info: No bold for \U/msb/m/n, using \pmb.
Package bm Info: No bold for \U/esint/m/n, using \pmb.
LaTeX Font Info:    Redeclaring math alphabet \mathbf on input line 149.
) (/nix/store/vmxfvknasr3gjwiaivg3m4z7gz6a65a1-texlive-combined-full-2025.20250703-texmfdist/tex/latex/carlisle/slashed.sty
Package: slashed 1997/01/16 v0.01 Feynman Slashed Character Notation (DPC)
) (/nix/store/vmxfvknasr3gjwiaivg3m4z7gz6a65a1-texlive-combined-full-2025.20250703-texmfdist/tex/latex/physics/physics.sty
Package: physics 

(/nix/store/vmxfvknasr3gjwiaivg3m4z7gz6a65a1-texlive-combined-full-2025.20250703-texmfdist/tex/latex/l3packages/xparse/xparse.sty (/nix/store/vmxfvknasr3gjwiaivg3m4z7gz6a65a1-texlive-combined-full-2025.20250703-texmfdist/tex/latex/l3kernel/expl3.sty
Package: expl3 2025-06-09 L3 programming layer (loader) 
 (/nix/store/vmxfvknasr3gjwiaivg3m4z7gz6a65a1-texlive-combined-full-2025.20250703-texmfdist/tex/latex/l3backend/l3backend-pdftex.def
File: l3backend-pdftex.def 2025-06-09 L3 backend support: PDF output (pdfTeX)
\l__color_backend_stack_int=\count312
))
Package: xparse 2024-08-16 L3 Experimental document command parser
)) (/nix/store/vmxfvknasr3gjwiaivg3m4z7gz6a65a1-texlive-combined-full-2025.20250703-texmfdist/tex/latex/siunitx/siunitx.sty
Package: siunitx 2025-05-22 v3.4.12 A comprehensive (SI) units package
\l__siunitx_number_uncert_offset_int=\count313
\l__siunitx_number_exponent_fixed_int=\count314
\l__siunitx_number_min_decimal_int=\count315
\l__siunitx_number_min_integer_int=\count316
\l__siunitx_number_round_precision_int=\count317
\l__siunitx_number_lower_threshold_int=\count318
\l__siunitx_number_upper_threshold_int=\count319
\l__siunitx_number_group_first_int=\count320
\l__siunitx_number_group_size_int=\count321
\l__siunitx_number_group_minimum_int=\count322
\l__siunitx_angle_tmp_dim=\dimen191
\l__siunitx_angle_marker_box=\box60
\l__siunitx_angle_unit_box=\box61
\l__siunitx_compound_count_int=\count323
 (/nix/store/vmxfvknasr3gjwiaivg3m4z7gz6a65a1-texlive-combined-full-2025.20250703-texmfdist/tex/latex/translations/translations.sty
Package: translations 2022/02/05 v1.12 internationalization of LaTeX2e packages (CN)
 (/nix/store/vmxfvknasr3gjwiaivg3m4z7gz6a65a1-texlive-combined-full-2025.20250703-texmfdist/tex/generic/pdftexcmds/pdftexcmds.sty
Package: pdftexcmds 2020-06-27 v0.33 Utility functions of pdfTeX for LuaTeX (HO)
 (/nix/store/vmxfvknasr3gjwiaivg3m4z7gz6a65a1-texlive-combined-full-2025.20250703-texmfdist/tex/generic/infwarerr/infwarerr.sty
Package: infwarerr 2019/12/03 v1.5 Providing info/warning/error messages (HO)
)
Package pdftexcmds Info: \pdf@primitive is available.
Package pdftexcmds Info: \pdf@ifprimitive is available.
Package pdftexcmds Info: \pdfdraftmode found.
))
\l__siunitx_table_tmp_box=\box62
\l__siunitx_table_tmp_dim=\dimen192
\l__siunitx_table_column_width_dim=\dimen193
\l__siunitx_table_integer_box=\box63
\l__siunitx_table_decimal_box=\box64
\l__siunitx_table_uncert_box=\box65
\l__siunitx_table_before_box=\box66
\l__siunitx_table_after_box=\box67
\l__siunitx_table_before_dim=\dimen194
\l__siunitx_table_carry_dim=\dimen195
\l__siunitx_unit_tmp_int=\count324
\l__siunitx_unit_position_int=\count325
\l__siunitx_unit_total_int=\count326
 (/nix/store/vmxfvknasr3gjwiaivg3m4z7gz6a65a1-texlive-combined-full-2025.20250703-texmfdist/tex/latex/tools/array.sty
Package: array 2025/06/08 v2.6j Tabular extension package (FMi)
\col@sep=\dimen196
\ar@mcellbox=\box68
\extrarowheight=\dimen197
\NC@list=\toks41
\extratabsurround=\skip77
\backup@length=\skip78
\ar@cellbox=\box69
)) (/nix/store/vmxfvknasr3gjwiaivg3m4z7gz6a65a1-texlive-combined-full-2025.20250703-texmfdist/tex/latex/pgf/frontendlayer/tikz.sty (/nix/store/vmxfvknasr3gjwiaivg3m4z7gz6a65a1-texlive-combined-full-2025.20250703-texmfdist/tex/latex/pgf/basiclayer/pgf.sty (/nix/store/vmxfvknasr3gjwiaivg3m4z7gz6a65a1-texlive-combined-full-2025.20250703-texmfdist/tex/latex/pgf/utilities/pgfrcs.sty (/nix/store/vmxfvknasr3gjwiaivg3m4z7gz6a65a1-texlive-combined-full-2025.20250703-texmfdist/tex/generic/pgf/utilities/pgfutil-common.tex
\pgfutil@everybye=\toks42
\pgfutil@tempdima=\dimen198
\pgfutil@tempdimb=\dimen199
) (/nix/store/vmxfvknasr3gjwiaivg3m4z7gz6a65a1-texlive-combined-full-2025.20250703-texmfdist/tex/generic/pgf/utilities/pgfutil-latex.def
\pgfutil@abb=\box70
) (/nix/store/vmxfvknasr3gjwiaivg3m4z7gz6a65a1-texlive-combined-full-2025.20250703-texmfdist/tex/generic/pgf/utilities/pgfrcs.code.tex (/nix/store/vmxfvknasr3gjwiaivg3m4z7gz6a65a1-texlive-combined-full-2025.20250703-texmfdist/tex/generic/pgf/pgf.revision.tex)
Package: pgfrcs 2023-01-15 v3.1.10 (3.1.10)
))
Package: pgf 2023-01-15 v3.1.10 (3.1.10)

(/nix/store/vmxfvknasr3gjwiaivg3m4z7gz6a65a1-texlive-combined-full-2025.20250703-texmfdist/tex/latex/pgf/basiclayer/pgfcore.sty (/nix/store/vmxfvknasr3gjwiaivg3m4z7gz6a65a1-texlive-combined-full-2025.20250703-texmfdist/tex/latex/graphics/graphicx.sty
Package: graphicx 2024/12/31 v1.2e Enhanced LaTeX Graphics (DPC,SPQR)
 (/nix/store/vmxfvknasr3gjwiaivg3m4z7gz6a65a1-texlive-combined-full-2025.20250703-texmfdist/tex/latex/graphics/graphics.sty
Package: graphics 2024/08/06 v1.4g Standard LaTeX Graphics (DPC,SPQR)
 (/nix/store/vmxfvknasr3gjwiaivg3m4z7gz6a65a1-texlive-combined-full-2025.20250703-texmfdist/tex/latex/graphics/trig.sty
Package: trig 2023/12/02 v1.11 sin cos tan (DPC)
) (/nix/store/vmxfvknasr3gjwiaivg3m4z7gz6a65a1-texlive-combined-full-2025.20250703-texmfdist/tex/latex/graphics-cfg/graphics.cfg
File: graphics.cfg 2016/06/04 v1.11 sample graphics configuration
)
Package graphics Info: Driver file: pdftex.def on input line 106.
 (/nix/store/vmxfvknasr3gjwiaivg3m4z7gz6a65a1-texlive-combined-full-2025.20250703-texmfdist/tex/latex/graphics-def/pdftex.def
File: pdftex.def 2024/04/13 v1.2c Graphics/color driver for pdftex
))
\Gin@req@height=\dimen256
\Gin@req@width=\dimen257
) (/nix/store/vmxfvknasr3gjwiaivg3m4z7gz6a65a1-texlive-combined-full-2025.20250703-texmfdist/tex/latex/pgf/systemlayer/pgfsys.sty (/nix/store/vmxfvknasr3gjwiaivg3m4z7gz6a65a1-texlive-combined-full-2025.20250703-texmfdist/tex/generic/pgf/systemlayer/pgfsys.code.tex
Package: pgfsys 2023-01-15 v3.1.10 (3.1.10)
 (/nix/store/vmxfvknasr3gjwiaivg3m4z7gz6a65a1-texlive-combined-full-2025.20250703-texmfdist/tex/generic/pgf/utilities/pgfkeys.code.tex
\pgfkeys@pathtoks=\toks43
\pgfkeys@temptoks=\toks44
 (/nix/store/vmxfvknasr3gjwiaivg3m4z7gz6a65a1-texlive-combined-full-2025.20250703-texmfdist/tex/generic/pgf/utilities/pgfkeyslibraryfiltered.code.tex
\pgfkeys@tmptoks=\toks45
))
\pgf@x=\dimen258
\pgf@y=\dimen259
\pgf@xa=\dimen260
\pgf@ya=\dimen261
\pgf@xb=\dimen262
\pgf@yb=\dimen263
\pgf@xc=\dimen264
\pgf@yc=\dimen265
\pgf@xd=\dimen266
\pgf@yd=\dimen267
\w@pgf@writea=\write3
\r@pgf@reada=\read2
\c@pgf@counta=\count327
\c@pgf@countb=\count328
\c@pgf@countc=\count329
\c@pgf@countd=\count330
\t@pgf@toka=\toks46
\t@pgf@tokb=\toks47
\t@pgf@tokc=\toks48
\pgf@sys@id@count=\count331
 (/nix/store/vmxfvknasr3gjwiaivg3m4z7gz6a65a1-texlive-combined-full-2025.20250703-texmfdist/tex/generic/pgf/systemlayer/pgf.cfg
File: pgf.cfg 2023-01-15 v3.1.10 (3.1.10)
)
Driver file for pgf: pgfsys-pdftex.def
 (/nix/store/vmxfvknasr3gjwiaivg3m4z7gz6a65a1-texlive-combined-full-2025.20250703-texmfdist/tex/generic/pgf/systemlayer/pgfsys-pdftex.def
File: pgfsys-pdftex.def 2023-01-15 v3.1.10 (3.1.10)
 (/nix/store/vmxfvknasr3gjwiaivg3m4z7gz6a65a1-texlive-combined-full-2025.20250703-texmfdist/tex/generic/pgf/systemlayer/pgfsys-common-pdf.def
File: pgfsys-common-pdf.def 2023-01-15 v3.1.10 (3.1.10)
))) (/nix/store/vmxfvknasr3gjwiaivg3m4z7gz6a65a1-texlive-combined-full-2025.20250703-texmfdist/tex/generic/pgf/systemlayer/pgfsyssoftpath.code.tex
File: pgfsyssoftpath.code.tex 2023-01-15 v3.1.10 (3.1.10)
\pgfsyssoftpath@smallbuffer@items=\count332
\pgfsyssoftpath@bigbuffer@items=\count333
) (/nix/store/vmxfvknasr3gjwiaivg3m4z7gz6a65a1-texlive-combined-full-2025.20250703-texmfdist/tex/generic/pgf/systemlayer/pgfsysprotocol.code.tex
File: pgfsysprotocol.code.tex 2023-01-15 v3.1.10 (3.1.10)
))
(/nix/store/vmxfvknasr3gjwiaivg3m4z7gz6a65a1-texlive-combined-full-2025.20250703-texmfdist/tex/latex/xcolor/xcolor.sty
Package: xcolor 2024/09/29 v3.02 LaTeX color extensions (UK)
 (/nix/store/vmxfvknasr3gjwiaivg3m4z7gz6a65a1-texlive-combined-full-2025.20250703-texmfdist/tex/latex/graphics-cfg/color.cfg
File: color.cfg 2016/01/02 v1.6 sample color configuration
)
Package xcolor Info: Driver file: pdftex.def on input line 274.
 (/nix/store/vmxfvknasr3gjwiaivg3m4z7gz6a65a1-texlive-combined-full-2025.20250703-texmfdist/tex/latex/graphics/mathcolor.ltx)
Package xcolor Info: Model `cmy' substituted by `cmy0' on input line 1349.
Package xcolor Info: Model `hsb' substituted by `rgb' on input line 1353.
Package xcolor Info: Model `RGB' extended on input line 1365.
Package xcolor Info: Model `HTML' substituted by `rgb' on input line 1367.
Package xcolor Info: Model `Hsb' substituted by `hsb' on input line 1368.
Package xcolor Info: Model `tHsb' substituted by `hsb' on input line 1369.
Package xcolor Info: Model `HSB' substituted by `hsb' on input line 1370.
Package xcolor Info: Model `Gray' substituted by `gray' on input line 1371.
Package xcolor Info: Model `wave' substituted by `hsb' on input line 1372.
) (/nix/store/vmxfvknasr3gjwiaivg3m4z7gz6a65a1-texlive-combined-full-2025.20250703-texmfdist/tex/generic/pgf/basiclayer/pgfcore.code.tex
Package: pgfcore 2023-01-15 v3.1.10 (3.1.10)
 (/nix/store/vmxfvknasr3gjwiaivg3m4z7gz6a65a1-texlive-combined-full-2025.20250703-texmfdist/tex/generic/pgf/math/pgfmath.code.tex (/nix/store/vmxfvknasr3gjwiaivg3m4z7gz6a65a1-texlive-combined-full-2025.20250703-texmfdist/tex/generic/pgf/math/pgfmathutil.code.tex) (/nix/store/vmxfvknasr3gjwiaivg3m4z7gz6a65a1-texlive-combined-full-2025.20250703-texmfdist/tex/generic/pgf/math/pgfmathparser.code.tex
\pgfmath@dimen=\dimen268
\pgfmath@count=\count334
\pgfmath@box=\box71
\pgfmath@toks=\toks49
\pgfmath@stack@operand=\toks50
\pgfmath@stack@operation=\toks51
) (/nix/store/vmxfvknasr3gjwiaivg3m4z7gz6a65a1-texlive-combined-full-2025.20250703-texmfdist/tex/generic/pgf/math/pgfmathfunctions.code.tex) (/nix/store/vmxfvknasr3gjwiaivg3m4z7gz6a65a1-texlive-combined-full-2025.20250703-texmfdist/tex/generic/pgf/math/pgfmathfunctions.basic.code.tex) (/nix/store/vmxfvknasr3gjwiaivg3m4z7gz6a65a1-texlive-combined-full-2025.20250703-texmfdist/tex/generic/pgf/math/pgfmathfunctions.trigonometric.code.tex) (/nix/store/vmxfvknasr3gjwiaivg3m4z7gz6a65a1-texlive-combined-full-2025.20250703-texmfdist/tex/generic/pgf/math/pgfmathfunctions.random.code.tex) (/nix/store/vmxfvknasr3gjwiaivg3m4z7gz6a65a1-texlive-combined-full-2025.20250703-texmfdist/tex/generic/pgf/math/pgfmathfunctions.comparison.code.tex) (/nix/store/vmxfvknasr3gjwiaivg3m4z7gz6a65a1-texlive-combined-full-2025.20250703-texmfdist/tex/generic/pgf/math/pgfmathfunctions.base.code.tex) (/nix/store/vmxfvknasr3gjwiaivg3m4z7gz6a65a1-texlive-combined-full-2025.20250703-texmfdist/tex/generic/pgf/math/pgfmathfunctions.round.code.tex)
(/nix/store/vmxfvknasr3gjwiaivg3m4z7gz6a65a1-texlive-combined-full-2025.20250703-texmfdist/tex/generic/pgf/math/pgfmathfunctions.misc.code.tex) (/nix/store/vmxfvknasr3gjwiaivg3m4z7gz6a65a1-texlive-combined-full-2025.20250703-texmfdist/tex/generic/pgf/math/pgfmathfunctions.integerarithmetics.code.tex) (/nix/store/vmxfvknasr3gjwiaivg3m4z7gz6a65a1-texlive-combined-full-2025.20250703-texmfdist/tex/generic/pgf/math/pgfmathcalc.code.tex) (/nix/store/vmxfvknasr3gjwiaivg3m4z7gz6a65a1-texlive-combined-full-2025.20250703-texmfdist/tex/generic/pgf/math/pgfmathfloat.code.tex
\c@pgfmathroundto@lastzeros=\count335
)) (/nix/store/vmxfvknasr3gjwiaivg3m4z7gz6a65a1-texlive-combined-full-2025.20250703-texmfdist/tex/generic/pgf/math/pgfint.code.tex) (/nix/store/vmxfvknasr3gjwiaivg3m4z7gz6a65a1-texlive-combined-full-2025.20250703-texmfdist/tex/generic/pgf/basiclayer/pgfcorepoints.code.tex
File: pgfcorepoints.code.tex 2023-01-15 v3.1.10 (3.1.10)
\pgf@picminx=\dimen269
\pgf@picmaxx=\dimen270
\pgf@picminy=\dimen271
\pgf@picmaxy=\dimen272
\pgf@pathminx=\dimen273
\pgf@pathmaxx=\dimen274
\pgf@pathminy=\dimen275
\pgf@pathmaxy=\dimen276
\pgf@xx=\dimen277
\pgf@xy=\dimen278
\pgf@yx=\dimen279
\pgf@yy=\dimen280
\pgf@zx=\dimen281
\pgf@zy=\dimen282
) (/nix/store/vmxfvknasr3gjwiaivg3m4z7gz6a65a1-texlive-combined-full-2025.20250703-texmfdist/tex/generic/pgf/basiclayer/pgfcorepathconstruct.code.tex
File: pgfcorepathconstruct.code.tex 2023-01-15 v3.1.10 (3.1.10)
\pgf@path@lastx=\dimen283
\pgf@path@lasty=\dimen284
) (/nix/store/vmxfvknasr3gjwiaivg3m4z7gz6a65a1-texlive-combined-full-2025.20250703-texmfdist/tex/generic/pgf/basiclayer/pgfcorepathusage.code.tex
File: pgfcorepathusage.code.tex 2023-01-15 v3.1.10 (3.1.10)
\pgf@shorten@end@additional=\dimen285
\pgf@shorten@start@additional=\dimen286
) (/nix/store/vmxfvknasr3gjwiaivg3m4z7gz6a65a1-texlive-combined-full-2025.20250703-texmfdist/tex/generic/pgf/basiclayer/pgfcorescopes.code.tex
File: pgfcorescopes.code.tex 2023-01-15 v3.1.10 (3.1.10)
\pgfpic=\box72
\pgf@hbox=\box73
\pgf@layerbox@main=\box74
\pgf@picture@serial@count=\count336
) (/nix/store/vmxfvknasr3gjwiaivg3m4z7gz6a65a1-texlive-combined-full-2025.20250703-texmfdist/tex/generic/pgf/basiclayer/pgfcoregraphicstate.code.tex
File: pgfcoregraphicstate.code.tex 2023-01-15 v3.1.10 (3.1.10)
\pgflinewidth=\dimen287
) (/nix/store/vmxfvknasr3gjwiaivg3m4z7gz6a65a1-texlive-combined-full-2025.20250703-texmfdist/tex/generic/pgf/basiclayer/pgfcoretransformations.code.tex
File: pgfcoretransformations.code.tex 2023-01-15 v3.1.10 (3.1.10)
\pgf@pt@x=\dimen288
\pgf@pt@y=\dimen289
\pgf@pt@temp=\dimen290
) (/nix/store/vmxfvknasr3gjwiaivg3m4z7gz6a65a1-texlive-combined-full-2025.20250703-texmfdist/tex/generic/pgf/basiclayer/pgfcorequick.code.tex
File: pgfcorequick.code.tex 2023-01-15 v3.1.10 (3.1.10)
) (/nix/store/vmxfvknasr3gjwiaivg3m4z7gz6a65a1-texlive-combined-full-2025.20250703-texmfdist/tex/generic/pgf/basiclayer/pgfcoreobjects.code.tex
File: pgfcoreobjects.code.tex 2023-01-15 v3.1.10 (3.1.10)
)
(/nix/store/vmxfvknasr3gjwiaivg3m4z7gz6a65a1-texlive-combined-full-2025.20250703-texmfdist/tex/generic/pgf/basiclayer/pgfcorepathprocessing.code.tex
File: pgfcorepathprocessing.code.tex 2023-01-15 v3.1.10 (3.1.10)
) (/nix/store/vmxfvknasr3gjwiaivg3m4z7gz6a65a1-texlive-combined-full-2025.20250703-texmfdist/tex/generic/pgf/basiclayer/pgfcorearrows.code.tex
File: pgfcorearrows.code.tex 2023-01-15 v3.1.10 (3.1.10)
\pgfarrowsep=\dimen291
) (/nix/store/vmxfvknasr3gjwiaivg3m4z7gz6a65a1-texlive-combined-full-2025.20250703-texmfdist/tex/generic/pgf/basiclayer/pgfcoreshade.code.tex
File: pgfcoreshade.code.tex 2023-01-15 v3.1.10 (3.1.10)
\pgf@max=\dimen292
\pgf@sys@shading@range@num=\count337
\pgf@shadingcount=\count338
) (/nix/store/vmxfvknasr3gjwiaivg3m4z7gz6a65a1-texlive-combined-full-2025.20250703-texmfdist/tex/generic/pgf/basiclayer/pgfcoreimage.code.tex
File: pgfcoreimage.code.tex 2023-01-15 v3.1.10 (3.1.10)
) (/nix/store/vmxfvknasr3gjwiaivg3m4z7gz6a65a1-texlive-combined-full-2025.20250703-texmfdist/tex/generic/pgf/basiclayer/pgfcoreexternal.code.tex
File: pgfcoreexternal.code.tex 2023-01-15 v3.1.10 (3.1.10)
\pgfexternal@startupbox=\box75
) (/nix/store/vmxfvknasr3gjwiaivg3m4z7gz6a65a1-texlive-combined-full-2025.20250703-texmfdist/tex/generic/pgf/basiclayer/pgfcorelayers.code.tex
File: pgfcorelayers.code.tex 2023-01-15 v3.1.10 (3.1.10)
) (/nix/store/vmxfvknasr3gjwiaivg3m4z7gz6a65a1-texlive-combined-full-2025.20250703-texmfdist/tex/generic/pgf/basiclayer/pgfcoretransparency.code.tex
File: pgfcoretransparency.code.tex 2023-01-15 v3.1.10 (3.1.10)
) (/nix/store/vmxfvknasr3gjwiaivg3m4z7gz6a65a1-texlive-combined-full-2025.20250703-texmfdist/tex/generic/pgf/basiclayer/pgfcorepatterns.code.tex
File: pgfcorepatterns.code.tex 2023-01-15 v3.1.10 (3.1.10)
) (/nix/store/vmxfvknasr3gjwiaivg3m4z7gz6a65a1-texlive-combined-full-2025.20250703-texmfdist/tex/generic/pgf/basiclayer/pgfcorerdf.code.tex
File: pgfcorerdf.code.tex 2023-01-15 v3.1.10 (3.1.10)
))) (/nix/store/vmxfvknasr3gjwiaivg3m4z7gz6a65a1-texlive-combined-full-2025.20250703-texmfdist/tex/generic/pgf/modules/pgfmoduleshapes.code.tex
File: pgfmoduleshapes.code.tex 2023-01-15 v3.1.10 (3.1.10)
\pgfnodeparttextbox=\box76
) (/nix/store/vmxfvknasr3gjwiaivg3m4z7gz6a65a1-texlive-combined-full-2025.20250703-texmfdist/tex/generic/pgf/modules/pgfmoduleplot.code.tex
File: pgfmoduleplot.code.tex 2023-01-15 v3.1.10 (3.1.10)
) (/nix/store/vmxfvknasr3gjwiaivg3m4z7gz6a65a1-texlive-combined-full-2025.20250703-texmfdist/tex/latex/pgf/compatibility/pgfcomp-version-0-65.sty
Package: pgfcomp-version-0-65 2023-01-15 v3.1.10 (3.1.10)
\pgf@nodesepstart=\dimen293
\pgf@nodesepend=\dimen294
) (/nix/store/vmxfvknasr3gjwiaivg3m4z7gz6a65a1-texlive-combined-full-2025.20250703-texmfdist/tex/latex/pgf/compatibility/pgfcomp-version-1-18.sty
Package: pgfcomp-version-1-18 2023-01-15 v3.1.10 (3.1.10)
)) (/nix/store/vmxfvknasr3gjwiaivg3m4z7gz6a65a1-texlive-combined-full-2025.20250703-texmfdist/tex/latex/pgf/utilities/pgffor.sty
(/nix/store/vmxfvknasr3gjwiaivg3m4z7gz6a65a1-texlive-combined-full-2025.20250703-texmfdist/tex/latex/pgf/utilities/pgfkeys.sty (/nix/store/vmxfvknasr3gjwiaivg3m4z7gz6a65a1-texlive-combined-full-2025.20250703-texmfdist/tex/generic/pgf/utilities/pgfkeys.code.tex)) (/nix/store/vmxfvknasr3gjwiaivg3m4z7gz6a65a1-texlive-combined-full-2025.20250703-texmfdist/tex/latex/pgf/math/pgfmath.sty (/nix/store/vmxfvknasr3gjwiaivg3m4z7gz6a65a1-texlive-combined-full-2025.20250703-texmfdist/tex/generic/pgf/math/pgfmath.code.tex)) (/nix/store/vmxfvknasr3gjwiaivg3m4z7gz6a65a1-texlive-combined-full-2025.20250703-texmfdist/tex/generic/pgf/utilities/pgffor.code.tex
Package: pgffor 2023-01-15 v3.1.10 (3.1.10)
\pgffor@iter=\dimen295
\pgffor@skip=\dimen296
\pgffor@stack=\toks52
\pgffor@toks=\toks53
)) (/nix/store/vmxfvknasr3gjwiaivg3m4z7gz6a65a1-texlive-combined-full-2025.20250703-texmfdist/tex/generic/pgf/frontendlayer/tikz/tikz.code.tex
Package: tikz 2023-01-15 v3.1.10 (3.1.10)
 (/nix/store/vmxfvknasr3gjwiaivg3m4z7gz6a65a1-texlive-combined-full-2025.20250703-texmfdist/tex/generic/pgf/libraries/pgflibraryplothandlers.code.tex
File: pgflibraryplothandlers.code.tex 2023-01-15 v3.1.10 (3.1.10)
\pgf@plot@mark@count=\count339
\pgfplotmarksize=\dimen297
)
\tikz@lastx=\dimen298
\tikz@lasty=\dimen299
\tikz@lastxsaved=\dimen300
\tikz@lastysaved=\dimen301
\tikz@lastmovetox=\dimen302
\tikz@lastmovetoy=\dimen303
\tikzleveldistance=\dimen304
\tikzsiblingdistance=\dimen305
\tikz@figbox=\box77
\tikz@figbox@bg=\box78
\tikz@tempbox=\box79
\tikz@tempbox@bg=\box80
\tikztreelevel=\count340
\tikznumberofchildren=\count341
\tikznumberofcurrentchild=\count342
\tikz@fig@count=\count343
 (/nix/store/vmxfvknasr3gjwiaivg3m4z7gz6a65a1-texlive-combined-full-2025.20250703-texmfdist/tex/generic/pgf/modules/pgfmodulematrix.code.tex
File: pgfmodulematrix.code.tex 2023-01-15 v3.1.10 (3.1.10)
\pgfmatrixcurrentrow=\count344
\pgfmatrixcurrentcolumn=\count345
\pgf@matrix@numberofcolumns=\count346
)
\tikz@expandcount=\count347
 (/nix/store/vmxfvknasr3gjwiaivg3m4z7gz6a65a1-texlive-combined-full-2025.20250703-texmfdist/tex/generic/pgf/frontendlayer/tikz/libraries/tikzlibrarytopaths.code.tex
File: tikzlibrarytopaths.code.tex 2023-01-15 v3.1.10 (3.1.10)
))) (/nix/store/vmxfvknasr3gjwiaivg3m4z7gz6a65a1-texlive-combined-full-2025.20250703-texmfdist/tex/latex/pgfplots/pgfplots.sty (/nix/store/vmxfvknasr3gjwiaivg3m4z7gz6a65a1-texlive-combined-full-2025.20250703-texmfdist/tex/generic/pgfplots/pgfplots.revision.tex)
Package: pgfplots 2021/05/15 v1.18.1 Data Visualization (1.18.1)
 (/nix/store/vmxfvknasr3gjwiaivg3m4z7gz6a65a1-texlive-combined-full-2025.20250703-texmfdist/tex/generic/pgfplots/pgfplots.code.tex (/nix/store/vmxfvknasr3gjwiaivg3m4z7gz6a65a1-texlive-combined-full-2025.20250703-texmfdist/tex/generic/pgfplots/pgfplotscore.code.tex
\t@pgfplots@toka=\toks54
\t@pgfplots@tokb=\toks55
\t@pgfplots@tokc=\toks56
\pgfplots@tmpa=\dimen306
\c@pgfplots@coordindex=\count348
\c@pgfplots@scanlineindex=\count349
 (/nix/store/vmxfvknasr3gjwiaivg3m4z7gz6a65a1-texlive-combined-full-2025.20250703-texmfdist/tex/generic/pgfplots/sys/pgfplotssysgeneric.code.tex))
(/nix/store/vmxfvknasr3gjwiaivg3m4z7gz6a65a1-texlive-combined-full-2025.20250703-texmfdist/tex/generic/pgfplots/libs/pgfplotslibrary.code.tex) (/nix/store/vmxfvknasr3gjwiaivg3m4z7gz6a65a1-texlive-combined-full-2025.20250703-texmfdist/tex/generic/pgfplots/oldpgfcompatib/pgfplotsoldpgfsupp_loader.code.tex (/nix/store/vmxfvknasr3gjwiaivg3m4z7gz6a65a1-texlive-combined-full-2025.20250703-texmfdist/tex/generic/pgf/libraries/pgflibraryfpu.code.tex)
Package pgfplots: loading complementary utilities for your pgf version...
\t@pgf@toka=\toks57
\t@pgf@tokb=\toks58
\t@pgf@tokc=\toks59
(/nix/store/vmxfvknasr3gjwiaivg3m4z7gz6a65a1-texlive-combined-full-2025.20250703-texmfdist/tex/generic/pgfplots/oldpgfcompatib/pgfplotsoldpgfsupp_pgfutil-common-lists.tex)) (/nix/store/vmxfvknasr3gjwiaivg3m4z7gz6a65a1-texlive-combined-full-2025.20250703-texmfdist/tex/generic/pgfplots/util/pgfplotsutil.code.tex (/nix/store/vmxfvknasr3gjwiaivg3m4z7gz6a65a1-texlive-combined-full-2025.20250703-texmfdist/tex/generic/pgfplots/liststructure/pgfplotsliststructure.code.tex) (/nix/store/vmxfvknasr3gjwiaivg3m4z7gz6a65a1-texlive-combined-full-2025.20250703-texmfdist/tex/generic/pgfplots/liststructure/pgfplotsliststructureext.code.tex) (/nix/store/vmxfvknasr3gjwiaivg3m4z7gz6a65a1-texlive-combined-full-2025.20250703-texmfdist/tex/generic/pgfplots/liststructure/pgfplotsarray.code.tex
\c@pgfplotsarray@tmp=\count350
) (/nix/store/vmxfvknasr3gjwiaivg3m4z7gz6a65a1-texlive-combined-full-2025.20250703-texmfdist/tex/generic/pgfplots/liststructure/pgfplotsmatrix.code.tex) (/nix/store/vmxfvknasr3gjwiaivg3m4z7gz6a65a1-texlive-combined-full-2025.20250703-texmfdist/tex/generic/pgfplots/numtable/pgfplotstableshared.code.tex
\c@pgfplotstable@counta=\count351
\t@pgfplotstable@a=\toks60
) (/nix/store/vmxfvknasr3gjwiaivg3m4z7gz6a65a1-texlive-combined-full-2025.20250703-texmfdist/tex/generic/pgfplots/liststructure/pgfplotsdeque.code.tex) (/nix/store/vmxfvknasr3gjwiaivg3m4z7gz6a65a1-texlive-combined-full-2025.20250703-texmfdist/tex/generic/pgfplots/util/pgfplotsbinary.code.tex (/nix/store/vmxfvknasr3gjwiaivg3m4z7gz6a65a1-texlive-combined-full-2025.20250703-texmfdist/tex/generic/pgfplots/util/pgfplotsbinary.data.code.tex)) (/nix/store/vmxfvknasr3gjwiaivg3m4z7gz6a65a1-texlive-combined-full-2025.20250703-texmfdist/tex/generic/pgfplots/util/pgfplotsutil.verb.code.tex) (/nix/store/vmxfvknasr3gjwiaivg3m4z7gz6a65a1-texlive-combined-full-2025.20250703-texmfdist/tex/generic/pgfplots/libs/pgflibrarypgfplots.surfshading.code.tex
\c@pgfplotslibrarysurf@no=\count352
 (/nix/store/vmxfvknasr3gjwiaivg3m4z7gz6a65a1-texlive-combined-full-2025.20250703-texmfdist/tex/generic/pgfplots/sys/pgflibrarypgfplots.surfshading.pgfsys-pdftex.def)))
(/nix/store/vmxfvknasr3gjwiaivg3m4z7gz6a65a1-texlive-combined-full-2025.20250703-texmfdist/tex/generic/pgfplots/util/pgfplotscolormap.code.tex (/nix/store/vmxfvknasr3gjwiaivg3m4z7gz6a65a1-texlive-combined-full-2025.20250703-texmfdist/tex/generic/pgfplots/util/pgfplotscolor.code.tex)) (/nix/store/vmxfvknasr3gjwiaivg3m4z7gz6a65a1-texlive-combined-full-2025.20250703-texmfdist/tex/generic/pgfplots/pgfplotsstackedplots.code.tex) (/nix/store/vmxfvknasr3gjwiaivg3m4z7gz6a65a1-texlive-combined-full-2025.20250703-texmfdist/tex/generic/pgfplots/pgfplotsplothandlers.code.tex (/nix/store/vmxfvknasr3gjwiaivg3m4z7gz6a65a1-texlive-combined-full-2025.20250703-texmfdist/tex/generic/pgfplots/pgfplotsmeshplothandler.code.tex (/nix/store/vmxfvknasr3gjwiaivg3m4z7gz6a65a1-texlive-combined-full-2025.20250703-texmfdist/tex/generic/pgfplots/pgfplotsmeshplotimage.code.tex))) (/nix/store/vmxfvknasr3gjwiaivg3m4z7gz6a65a1-texlive-combined-full-2025.20250703-texmfdist/tex/generic/pgfplots/pgfplots.scaling.code.tex) (/nix/store/vmxfvknasr3gjwiaivg3m4z7gz6a65a1-texlive-combined-full-2025.20250703-texmfdist/tex/generic/pgfplots/pgfplotscoordprocessing.code.tex) (/nix/store/vmxfvknasr3gjwiaivg3m4z7gz6a65a1-texlive-combined-full-2025.20250703-texmfdist/tex/generic/pgfplots/pgfplots.errorbars.code.tex) (/nix/store/vmxfvknasr3gjwiaivg3m4z7gz6a65a1-texlive-combined-full-2025.20250703-texmfdist/tex/generic/pgfplots/pgfplots.markers.code.tex) (/nix/store/vmxfvknasr3gjwiaivg3m4z7gz6a65a1-texlive-combined-full-2025.20250703-texmfdist/tex/generic/pgfplots/pgfplotsticks.code.tex) (/nix/store/vmxfvknasr3gjwiaivg3m4z7gz6a65a1-texlive-combined-full-2025.20250703-texmfdist/tex/generic/pgfplots/pgfplots.paths.code.tex) (/nix/store/vmxfvknasr3gjwiaivg3m4z7gz6a65a1-texlive-combined-full-2025.20250703-texmfdist/tex/generic/pgf/frontendlayer/tikz/libraries/tikzlibrarydecorations.code.tex
(/nix/store/vmxfvknasr3gjwiaivg3m4z7gz6a65a1-texlive-combined-full-2025.20250703-texmfdist/tex/generic/pgf/modules/pgfmoduledecorations.code.tex
\pgfdecoratedcompleteddistance=\dimen307
\pgfdecoratedremainingdistance=\dimen308
\pgfdecoratedinputsegmentcompleteddistance=\dimen309
\pgfdecoratedinputsegmentremainingdistance=\dimen310
\pgf@decorate@distancetomove=\dimen311
\pgf@decorate@repeatstate=\count353
\pgfdecorationsegmentamplitude=\dimen312
\pgfdecorationsegmentlength=\dimen313
)
\tikz@lib@dec@box=\box81
) (/nix/store/vmxfvknasr3gjwiaivg3m4z7gz6a65a1-texlive-combined-full-2025.20250703-texmfdist/tex/generic/pgf/frontendlayer/tikz/libraries/tikzlibrarydecorations.pathmorphing.code.tex (/nix/store/vmxfvknasr3gjwiaivg3m4z7gz6a65a1-texlive-combined-full-2025.20250703-texmfdist/tex/generic/pgf/libraries/decorations/pgflibrarydecorations.pathmorphing.code.tex)) (/nix/store/vmxfvknasr3gjwiaivg3m4z7gz6a65a1-texlive-combined-full-2025.20250703-texmfdist/tex/generic/pgf/frontendlayer/tikz/libraries/tikzlibrarydecorations.pathreplacing.code.tex (/nix/store/vmxfvknasr3gjwiaivg3m4z7gz6a65a1-texlive-combined-full-2025.20250703-texmfdist/tex/generic/pgf/libraries/decorations/pgflibrarydecorations.pathreplacing.code.tex)) (/nix/store/vmxfvknasr3gjwiaivg3m4z7gz6a65a1-texlive-combined-full-2025.20250703-texmfdist/tex/generic/pgfplots/libs/tikzlibrarypgfplots.contourlua.code.tex)
\pgfplots@numplots=\count354
\pgfplots@xmin@reg=\dimen314
\pgfplots@xmax@reg=\dimen315
\pgfplots@ymin@reg=\dimen316
\pgfplots@ymax@reg=\dimen317
\pgfplots@zmin@reg=\dimen318
\pgfplots@zmax@reg=\dimen319
) (/nix/store/vmxfvknasr3gjwiaivg3m4z7gz6a65a1-texlive-combined-full-2025.20250703-texmfdist/tex/generic/pgf/frontendlayer/tikz/libraries/tikzlibraryplotmarks.code.tex
File: tikzlibraryplotmarks.code.tex 2023-01-15 v3.1.10 (3.1.10)
 (/nix/store/vmxfvknasr3gjwiaivg3m4z7gz6a65a1-texlive-combined-full-2025.20250703-texmfdist/tex/generic/pgf/libraries/pgflibraryplotmarks.code.tex
File: pgflibraryplotmarks.code.tex 2023-01-15 v3.1.10 (3.1.10)
))) (/nix/store/vmxfvknasr3gjwiaivg3m4z7gz6a65a1-texlive-combined-full-2025.20250703-texmfdist/tex/generic/pgf/libraries/pgflibraryarrows.meta.code.tex
File: pgflibraryarrows.meta.code.tex 2023-01-15 v3.1.10 (3.1.10)
\pgfarrowinset=\dimen320
\pgfarrowlength=\dimen321
\pgfarrowwidth=\dimen322
\pgfarrowlinewidth=\dimen323
) (/nix/store/vmxfvknasr3gjwiaivg3m4z7gz6a65a1-texlive-combined-full-2025.20250703-texmfdist/tex/generic/pgf/frontendlayer/tikz/libraries/tikzlibrarycalc.code.tex
File: tikzlibrarycalc.code.tex 2023-01-15 v3.1.10 (3.1.10)
) (/nix/store/vmxfvknasr3gjwiaivg3m4z7gz6a65a1-texlive-combined-full-2025.20250703-texmfdist/tex/generic/pgf/frontendlayer/tikz/libraries/tikzlibrarydecorations.markings.code.tex (/nix/store/vmxfvknasr3gjwiaivg3m4z7gz6a65a1-texlive-combined-full-2025.20250703-texmfdist/tex/generic/pgf/libraries/decorations/pgflibrarydecorations.markings.code.tex))
(/nix/store/vmxfvknasr3gjwiaivg3m4z7gz6a65a1-texlive-combined-full-2025.20250703-texmfdist/tex/generic/pgf/frontendlayer/tikz/libraries/tikzlibrarypositioning.code.tex
File: tikzlibrarypositioning.code.tex 2023-01-15 v3.1.10 (3.1.10)
) (/nix/store/vmxfvknasr3gjwiaivg3m4z7gz6a65a1-texlive-combined-full-2025.20250703-texmfdist/tex/generic/pgf/frontendlayer/tikz/libraries/tikzlibraryintersections.code.tex (/nix/store/vmxfvknasr3gjwiaivg3m4z7gz6a65a1-texlive-combined-full-2025.20250703-texmfdist/tex/generic/pgf/libraries/pgflibraryintersections.code.tex
\pgf@intersect@solutions=\count355
)) (/nix/store/vmxfvknasr3gjwiaivg3m4z7gz6a65a1-texlive-combined-full-2025.20250703-texmfdist/tex/latex/tcolorbox/tcolorbox.sty
Package: tcolorbox 2025/06/04 version 6.6.0 text color boxes
 (/nix/store/vmxfvknasr3gjwiaivg3m4z7gz6a65a1-texlive-combined-full-2025.20250703-texmfdist/tex/latex/tools/verbatim.sty
Package: verbatim 2024-01-22 v1.5x LaTeX2e package for verbatim enhancements
\every@verbatim=\toks61
\verbatim@line=\toks62
\verbatim@in@stream=\read3
) (/nix/store/vmxfvknasr3gjwiaivg3m4z7gz6a65a1-texlive-combined-full-2025.20250703-texmfdist/tex/latex/environ/environ.sty
Package: environ 2014/05/04 v0.3 A new way to define environments
 (/nix/store/vmxfvknasr3gjwiaivg3m4z7gz6a65a1-texlive-combined-full-2025.20250703-texmfdist/tex/latex/trimspaces/trimspaces.sty
Package: trimspaces 2009/09/17 v1.1 Trim spaces around a token list
))
\tcb@titlebox=\box82
\tcb@upperbox=\box83
\tcb@lowerbox=\box84
\tcb@phantombox=\box85
\c@tcbbreakpart=\count356
\c@tcblayer=\count357
\c@tcolorbox@number=\count358
\l__tcobox_tmpa_box=\box86
\l__tcobox_tmpa_dim=\dimen324
\tcb@temp=\box87
\tcb@temp=\box88
\tcb@temp=\box89
\tcb@temp=\box90
 (/nix/store/vmxfvknasr3gjwiaivg3m4z7gz6a65a1-texlive-combined-full-2025.20250703-texmfdist/tex/latex/tcolorbox/tcbraster.code.tex
Library (tcolorbox): 'tcbraster.code.tex' version '6.6.0'
\c@tcbrastercolumn=\count359
\c@tcbrasterrow=\count360
\c@tcbrasternum=\count361
\c@tcbraster=\count362
) (/nix/store/vmxfvknasr3gjwiaivg3m4z7gz6a65a1-texlive-combined-full-2025.20250703-texmfdist/tex/latex/tcolorbox/tcbskins.code.tex
Library (tcolorbox): 'tcbskins.code.tex' version '6.6.0'
(/nix/store/vmxfvknasr3gjwiaivg3m4z7gz6a65a1-texlive-combined-full-2025.20250703-texmfdist/tex/latex/tikzfill/tikzfill.image.sty
Package: tikzfill.image 2023/08/08 v1.0.1 Image filling library for TikZ
 (/nix/store/vmxfvknasr3gjwiaivg3m4z7gz6a65a1-texlive-combined-full-2025.20250703-texmfdist/tex/latex/tikzfill/tikzfill-common.sty
Package: tikzfill-common 2023/08/08 v1.0.1 Auxiliary code for tikzfill
) (/nix/store/vmxfvknasr3gjwiaivg3m4z7gz6a65a1-texlive-combined-full-2025.20250703-texmfdist/tex/latex/tikzfill/tikzlibraryfill.image.code.tex
File: tikzlibraryfill.image.code.tex 2023/08/08 v1.0.1 Image filling library
\l__tikzfill_img_box=\box91
)) (/nix/store/vmxfvknasr3gjwiaivg3m4z7gz6a65a1-texlive-combined-full-2025.20250703-texmfdist/tex/latex/tcolorbox/tcbskinsjigsaw.code.tex
Library (tcolorbox): 'tcbskinsjigsaw.code.tex' version '6.6.0'
)) (/nix/store/vmxfvknasr3gjwiaivg3m4z7gz6a65a1-texlive-combined-full-2025.20250703-texmfdist/tex/latex/tcolorbox/tcbbreakable.code.tex
Library (tcolorbox): 'tcbbreakable.code.tex' version '6.6.0'
(/nix/store/vmxfvknasr3gjwiaivg3m4z7gz6a65a1-texlive-combined-full-2025.20250703-texmfdist/tex/latex/pdfcol/pdfcol.sty
Package: pdfcol 2022-09-21 v1.7 Handle new color stacks for pdfTeX (HO)
)
Package pdfcol Info: New color stack `tcb@breakable' = 1 on input line 23.
\tcb@testbox=\box92
\tcb@totalupperbox=\box93
\tcb@totallowerbox=\box94
) (/nix/store/vmxfvknasr3gjwiaivg3m4z7gz6a65a1-texlive-combined-full-2025.20250703-texmfdist/tex/latex/tcolorbox/tcbhooks.code.tex
Library (tcolorbox): 'tcbhooks.code.tex' version '6.6.0'
) (/nix/store/vmxfvknasr3gjwiaivg3m4z7gz6a65a1-texlive-combined-full-2025.20250703-texmfdist/tex/latex/tcolorbox/tcbtheorems.code.tex
Library (tcolorbox): 'tcbtheorems.code.tex' version '6.6.0'
) (/nix/store/vmxfvknasr3gjwiaivg3m4z7gz6a65a1-texlive-combined-full-2025.20250703-texmfdist/tex/latex/tcolorbox/tcbfitting.code.tex
Library (tcolorbox): 'tcbfitting.code.tex' version '6.6.0'
\tcbfitdim=\dimen325
\tcb@lowerfitdim=\dimen326
\tcb@upperfitdim=\dimen327
\tcb@cur@hbadness=\count363
) (/nix/store/vmxfvknasr3gjwiaivg3m4z7gz6a65a1-texlive-combined-full-2025.20250703-texmfdist/tex/latex/tcolorbox/tcblistingsutf8.code.tex
Library (tcolorbox): 'tcblistingsutf8.code.tex' version '6.6.0'
(/nix/store/vmxfvknasr3gjwiaivg3m4z7gz6a65a1-texlive-combined-full-2025.20250703-texmfdist/tex/latex/tcolorbox/tcblistings.code.tex
Library (tcolorbox): 'tcblistings.code.tex' version '6.6.0'
(/nix/store/vmxfvknasr3gjwiaivg3m4z7gz6a65a1-texlive-combined-full-2025.20250703-texmfdist/tex/latex/listings/listings.sty
\lst@mode=\count364
\lst@gtempboxa=\box95
\lst@token=\toks63
\lst@length=\count365
\lst@currlwidth=\dimen328
\lst@column=\count366
\lst@pos=\count367
\lst@lostspace=\dimen329
\lst@width=\dimen330
\lst@newlines=\count368
\lst@lineno=\count369
\lst@maxwidth=\dimen331
 (/nix/store/vmxfvknasr3gjwiaivg3m4z7gz6a65a1-texlive-combined-full-2025.20250703-texmfdist/tex/latex/listings/lstpatch.sty
File: lstpatch.sty 2024/09/23 1.10c (Carsten Heinz)
) (/nix/store/vmxfvknasr3gjwiaivg3m4z7gz6a65a1-texlive-combined-full-2025.20250703-texmfdist/tex/latex/listings/lstmisc.sty
File: lstmisc.sty 2024/09/23 1.10c (Carsten Heinz)
\c@lstnumber=\count370
\lst@skipnumbers=\count371
\lst@framebox=\box96
) (/nix/store/vmxfvknasr3gjwiaivg3m4z7gz6a65a1-texlive-combined-full-2025.20250703-texmfdist/tex/latex/listings/listings.cfg
File: listings.cfg 2024/09/23 1.10c listings configuration
))
Package: listings 2024/09/23 1.10c (Carsten Heinz)
 (/nix/store/vmxfvknasr3gjwiaivg3m4z7gz6a65a1-texlive-combined-full-2025.20250703-texmfdist/tex/latex/tcolorbox/tcblistingscore.code.tex
Library (tcolorbox): 'tcblistingscore.code.tex' version '6.6.0'
(/nix/store/vmxfvknasr3gjwiaivg3m4z7gz6a65a1-texlive-combined-full-2025.20250703-texmfdist/tex/latex/tcolorbox/tcbprocessing.code.tex
Library (tcolorbox): 'tcbprocessing.code.tex' version '6.6.0'
)
\c@tcblisting=\count372
)) (/nix/store/vmxfvknasr3gjwiaivg3m4z7gz6a65a1-texlive-combined-full-2025.20250703-texmfdist/tex/latex/listingsutf8/listingsutf8.sty
Package: listingsutf8 2019-12-10 v1.5 Allow UTF-8 in listings input (HO)
 (/nix/store/vmxfvknasr3gjwiaivg3m4z7gz6a65a1-texlive-combined-full-2025.20250703-texmfdist/tex/generic/stringenc/stringenc.sty
Package: stringenc 2019/11/29 v1.12 Convert strings between diff. encodings (HO)
 (/nix/store/vmxfvknasr3gjwiaivg3m4z7gz6a65a1-texlive-combined-full-2025.20250703-texmfdist/tex/generic/pdfescape/pdfescape.sty
Package: pdfescape 2019/12/09 v1.15 Implements pdfTeX's escape features (HO)
)))) (/nix/store/vmxfvknasr3gjwiaivg3m4z7gz6a65a1-texlive-combined-full-2025.20250703-texmfdist/tex/latex/tcolorbox/tcbexternal.code.tex
Library (tcolorbox): 'tcbexternal.code.tex' version '6.6.0'
) (/nix/store/vmxfvknasr3gjwiaivg3m4z7gz6a65a1-texlive-combined-full-2025.20250703-texmfdist/tex/latex/tcolorbox/tcbmagazine.code.tex
Library (tcolorbox): 'tcbmagazine.code.tex' version '6.6.0'
) (/nix/store/vmxfvknasr3gjwiaivg3m4z7gz6a65a1-texlive-combined-full-2025.20250703-texmfdist/tex/latex/tcolorbox/tcbvignette.code.tex
Library (tcolorbox): 'tcbvignette.code.tex' version '6.6.0'
(/nix/store/vmxfvknasr3gjwiaivg3m4z7gz6a65a1-texlive-combined-full-2025.20250703-texmfdist/tex/generic/pgf/frontendlayer/tikz/libraries/tikzlibraryfadings.code.tex
File: tikzlibraryfadings.code.tex 2023-01-15 v3.1.10 (3.1.10)
 (/nix/store/vmxfvknasr3gjwiaivg3m4z7gz6a65a1-texlive-combined-full-2025.20250703-texmfdist/tex/generic/pgf/libraries/pgflibraryfadings.code.tex
File: pgflibraryfadings.code.tex 2023-01-15 v3.1.10 (3.1.10)
))) (/nix/store/vmxfvknasr3gjwiaivg3m4z7gz6a65a1-texlive-combined-full-2025.20250703-texmfdist/tex/latex/tcolorbox/tcbposter.code.tex
Library (tcolorbox): 'tcbposter.code.tex' version '6.6.0'
)) (/nix/store/vmxfvknasr3gjwiaivg3m4z7gz6a65a1-texlive-combined-full-2025.20250703-texmfdist/tex/latex/caption/caption.sty
Package: caption 2023/08/05 v3.6o Customizing captions (AR)
 (/nix/store/vmxfvknasr3gjwiaivg3m4z7gz6a65a1-texlive-combined-full-2025.20250703-texmfdist/tex/latex/caption/caption3.sty
Package: caption3 2023/07/31 v2.4d caption3 kernel (AR)
\caption@tempdima=\dimen332
\captionmargin=\dimen333
\caption@leftmargin=\dimen334
\caption@rightmargin=\dimen335
\caption@width=\dimen336
\caption@indent=\dimen337
\caption@parindent=\dimen338
\caption@hangindent=\dimen339
Package caption Info: Standard document class detected.
)
\c@caption@flags=\count373
\c@continuedfloat=\count374
Package caption Info: float package is loaded.
Package caption Info: listings package is loaded.
) (/nix/store/vmxfvknasr3gjwiaivg3m4z7gz6a65a1-texlive-combined-full-2025.20250703-texmfdist/tex/latex/caption/subcaption.sty
Package: subcaption 2023/07/28 v1.6b Sub-captions (AR)
Package caption Info: New subtype `subfigure' on input line 238.
\c@subfigure=\count375
Package caption Info: New subtype `subtable' on input line 238.
\c@subtable=\count376
) (/nix/store/vmxfvknasr3gjwiaivg3m4z7gz6a65a1-texlive-combined-full-2025.20250703-texmfdist/tex/latex/hyperref/hyperref.sty
Package: hyperref 2025-06-21 v7.01n Hypertext links for LaTeX
 (/nix/store/vmxfvknasr3gjwiaivg3m4z7gz6a65a1-texlive-combined-full-2025.20250703-texmfdist/tex/generic/kvdefinekeys/kvdefinekeys.sty
Package: kvdefinekeys 2019-12-19 v1.6 Define keys (HO)
) (/nix/store/vmxfvknasr3gjwiaivg3m4z7gz6a65a1-texlive-combined-full-2025.20250703-texmfdist/tex/latex/hycolor/hycolor.sty
Package: hycolor 2020-01-27 v1.10 Color options for hyperref/bookmark (HO)
) (/nix/store/vmxfvknasr3gjwiaivg3m4z7gz6a65a1-texlive-combined-full-2025.20250703-texmfdist/tex/latex/hyperref/nameref.sty
Package: nameref 2025-06-21 v2.57 Cross-referencing by name of section
 (/nix/store/vmxfvknasr3gjwiaivg3m4z7gz6a65a1-texlive-combined-full-2025.20250703-texmfdist/tex/latex/refcount/refcount.sty
Package: refcount 2019/12/15 v3.6 Data extraction from label references (HO)
) (/nix/store/vmxfvknasr3gjwiaivg3m4z7gz6a65a1-texlive-combined-full-2025.20250703-texmfdist/tex/generic/gettitlestring/gettitlestring.sty
Package: gettitlestring 2019/12/15 v1.6 Cleanup title references (HO)
)
\c@section@level=\count377
)
\@linkdim=\dimen340
\Hy@linkcounter=\count378
\Hy@pagecounter=\count379
 (/nix/store/vmxfvknasr3gjwiaivg3m4z7gz6a65a1-texlive-combined-full-2025.20250703-texmfdist/tex/latex/hyperref/pd1enc.def
File: pd1enc.def 2025-06-21 v7.01n Hyperref: PDFDocEncoding definition (HO)
Now handling font encoding PD1 ...
... no UTF-8 mapping file for font encoding PD1
) (/nix/store/vmxfvknasr3gjwiaivg3m4z7gz6a65a1-texlive-combined-full-2025.20250703-texmfdist/tex/generic/intcalc/intcalc.sty
Package: intcalc 2019/12/15 v1.3 Expandable calculations with integers (HO)
)
\Hy@SavedSpaceFactor=\count380
 (/nix/store/vmxfvknasr3gjwiaivg3m4z7gz6a65a1-texlive-combined-full-2025.20250703-texmfdist/tex/latex/hyperref/puenc.def
File: puenc.def 2025-06-21 v7.01n Hyperref: PDF Unicode definition (HO)
Now handling font encoding PU ...
... no UTF-8 mapping file for font encoding PU
)
Package hyperref Info: Hyper figures OFF on input line 4181.
Package hyperref Info: Link nesting OFF on input line 4186.
Package hyperref Info: Hyper index ON on input line 4189.
Package hyperref Info: Plain pages OFF on input line 4196.
Package hyperref Info: Backreferencing OFF on input line 4201.
Package hyperref Info: Implicit mode ON; LaTeX internals redefined.
Package hyperref Info: Bookmarks ON on input line 4448.
\c@Hy@tempcnt=\count381
 (/nix/store/vmxfvknasr3gjwiaivg3m4z7gz6a65a1-texlive-combined-full-2025.20250703-texmfdist/tex/latex/url/url.sty
\Urlmuskip=\muskip18
Package: url 2013/09/16  ver 3.4  Verb mode for urls, etc.
)
LaTeX Info: Redefining \url on input line 4787.
\XeTeXLinkMargin=\dimen341
 (/nix/store/vmxfvknasr3gjwiaivg3m4z7gz6a65a1-texlive-combined-full-2025.20250703-texmfdist/tex/generic/bitset/bitset.sty
Package: bitset 2019/12/09 v1.3 Handle bit-vector datatype (HO)
 (/nix/store/vmxfvknasr3gjwiaivg3m4z7gz6a65a1-texlive-combined-full-2025.20250703-texmfdist/tex/generic/bigintcalc/bigintcalc.sty
Package: bigintcalc 2019/12/15 v1.5 Expandable calculations on big integers (HO)
))
\Fld@menulength=\count382
\Field@Width=\dimen342
\Fld@charsize=\dimen343
Package hyperref Info: Hyper figures OFF on input line 6066.
Package hyperref Info: Link nesting OFF on input line 6071.
Package hyperref Info: Hyper index ON on input line 6074.
Package hyperref Info: backreferencing OFF on input line 6081.
Package hyperref Info: Link coloring OFF on input line 6086.
Package hyperref Info: Link coloring with OCG OFF on input line 6091.
Package hyperref Info: PDF/A mode OFF on input line 6096.
\Hy@abspage=\count383
\c@Item=\count384
\c@Hfootnote=\count385
)
Package hyperref Info: Driver (autodetected): hpdftex.
 (/nix/store/vmxfvknasr3gjwiaivg3m4z7gz6a65a1-texlive-combined-full-2025.20250703-texmfdist/tex/latex/hyperref/hpdftex.def
File: hpdftex.def 2025-06-21 v7.01n Hyperref driver for pdfTeX
\Fld@listcount=\count386
\c@bookmark@seq@number=\count387

(/nix/store/vmxfvknasr3gjwiaivg3m4z7gz6a65a1-texlive-combined-full-2025.20250703-texmfdist/tex/latex/rerunfilecheck/rerunfilecheck.sty
Package: rerunfilecheck 2025-06-21 v1.11 Rerun checks for auxiliary files (HO)
 (/nix/store/vmxfvknasr3gjwiaivg3m4z7gz6a65a1-texlive-combined-full-2025.20250703-texmfdist/tex/generic/uniquecounter/uniquecounter.sty
Package: uniquecounter 2019/12/15 v1.4 Provide unlimited unique counter (HO)
)
Package uniquecounter Info: New unique counter `rerunfilecheck' on input line 284.
)
\Hy@SectionHShift=\skip79
)
Package hyperref Info: Option `colorlinks' set `true' on input line 49.
 (/nix/store/vmxfvknasr3gjwiaivg3m4z7gz6a65a1-texlive-combined-full-2025.20250703-texmfdist/tex/latex/cleveref/cleveref.sty
Package: cleveref 2018/03/27 v0.21.4 Intelligent cross-referencing
Package cleveref Info: `hyperref' support loaded on input line 2370.
LaTeX Info: Redefining \cref on input line 2370.
LaTeX Info: Redefining \Cref on input line 2370.
LaTeX Info: Redefining \crefrange on input line 2370.
LaTeX Info: Redefining \Crefrange on input line 2370.
LaTeX Info: Redefining \cpageref on input line 2370.
LaTeX Info: Redefining \Cpageref on input line 2370.
LaTeX Info: Redefining \cpagerefrange on input line 2370.
LaTeX Info: Redefining \Cpagerefrange on input line 2370.
LaTeX Info: Redefining \labelcref on input line 2370.
LaTeX Info: Redefining \labelcpageref on input line 2370.
Package cleveref Info: `amsthm' support loaded on input line 3026.
Package cleveref Info: `listings' support loaded on input line 3131.
Package cleveref Info: include cross-reference names in hyperlinks on input line 7836.
Package cleveref Info: include cross-reference names in hyperlinks on input line 7852.
Package cleveref Info: no abbreviation of names on input line 7852.
)
==> First Aid for cleveref.sty applied!
)
Package translations Info: No language package found. I am going to use `english' as default language. on input line 19.
 (./main.aux)
\openout1 = `main.aux'.

LaTeX Font Info:    Checking defaults for OML/cmm/m/it on input line 19.
LaTeX Font Info:    ... okay on input line 19.
LaTeX Font Info:    Checking defaults for OMS/cmsy/m/n on input line 19.
LaTeX Font Info:    ... okay on input line 19.
LaTeX Font Info:    Checking defaults for OT1/cmr/m/n on input line 19.
LaTeX Font Info:    ... okay on input line 19.
LaTeX Font Info:    Checking defaults for T1/cmr/m/n on input line 19.
LaTeX Font Info:    ... okay on input line 19.
LaTeX Font Info:    Checking defaults for TS1/cmr/m/n on input line 19.
LaTeX Font Info:    ... okay on input line 19.
LaTeX Font Info:    Checking defaults for OMX/cmex/m/n on input line 19.
LaTeX Font Info:    ... okay on input line 19.
LaTeX Font Info:    Checking defaults for U/cmr/m/n on input line 19.
LaTeX Font Info:    ... okay on input line 19.
LaTeX Font Info:    Checking defaults for PD1/pdf/m/n on input line 19.
LaTeX Font Info:    ... okay on input line 19.
LaTeX Font Info:    Checking defaults for PU/pdf/m/n on input line 19.
LaTeX Font Info:    ... okay on input line 19.

*geometry* driver: auto-detecting
*geometry* detected driver: pdftex
*geometry* verbose mode - [ preamble ] result:
* driver: pdftex
* paper: letterpaper
* layout: <same size as paper>
* layoutoffset:(h,v)=(0.0pt,0.0pt)
* modes: 
* h-part:(L,W,R)=(72.26999pt, 469.75502pt, 72.26999pt)
* v-part:(T,H,B)=(72.26999pt, 650.43001pt, 72.26999pt)
* \paperwidth=614.295pt
* \paperheight=794.96999pt
* \textwidth=469.75502pt
* \textheight=650.43001pt
* \oddsidemargin=0.0pt
* \evensidemargin=0.0pt
* \topmargin=-37.0pt
* \headheight=15.0pt
* \headsep=25.0pt
* \topskip=11.0pt
* \footskip=30.0pt
* \marginparwidth=59.0pt
* \marginparsep=10.0pt
* \columnsep=10.0pt
* \skip\footins=10.0pt plus 4.0pt minus 2.0pt
* \hoffset=0.0pt
* \voffset=0.0pt
* \mag=1000
* \@twocolumnfalse
* \@twosidefalse
* \@mparswitchfalse
* \@reversemarginfalse
* (1in=72.27pt=25.4mm, 1cm=28.453pt)

LaTeX Info: Redefining \microtypecontext on input line 19.
Package microtype Info: Applying patch `item' on input line 19.
Package microtype Info: Applying patch `toc' on input line 19.
Package microtype Info: Applying patch `eqnum' on input line 19.
Package microtype Info: Applying patch `footnote' on input line 19.
Package microtype Info: Applying patch `verbatim' on input line 19.
LaTeX Info: Redefining \microtypesetup on input line 19.
Package microtype Info: Generating PDF output.
Package microtype Info: Character protrusion enabled (level 2).
Package microtype Info: Using default protrusion set `alltext'.
Package microtype Info: Automatic font expansion enabled (level 2),
(microtype)             stretch: 20, shrink: 20, step: 1, non-selected.
Package microtype Info: Using default expansion set `alltext-nott'.

LaTeX Warning: Command \showhyphens   has changed.
               Check if current package is valid.

LaTeX Info: Redefining \showhyphens on input line 19.
Package microtype Info: No adjustment of tracking.
Package microtype Info: No adjustment of interword spacing.
Package microtype Info: No adjustment of character kerning.
(/nix/store/vmxfvknasr3gjwiaivg3m4z7gz6a65a1-texlive-combined-full-2025.20250703-texmfdist/tex/latex/microtype/mt-cmr.cfg
File: mt-cmr.cfg 2013/05/19 v2.2 microtype config. file: Computer Modern Roman (RS)
)

Package siunitx Warning: Detected the "physics" package:
(siunitx)                omitting definition of \qty.
(siunitx)                
(siunitx)                If you want to use \qty with the siunitx definition,
(siunitx)                add 
(siunitx)                
(siunitx)                    \AtBeginDocument{\RenewCommandCopy\qty\SI}
(siunitx)                
(siunitx)                to your preamble.

(/nix/store/vmxfvknasr3gjwiaivg3m4z7gz6a65a1-texlive-combined-full-2025.20250703-texmfdist/tex/latex/translations/translations-basic-dictionary-english.trsl
File: translations-basic-dictionary-english.trsl (english translation file `translations-basic-dictionary')
)
Package translations Info: loading dictionary `translations-basic-dictionary' for `english'. on input line 19.
 (/nix/store/vmxfvknasr3gjwiaivg3m4z7gz6a65a1-texlive-combined-full-2025.20250703-texmfdist/tex/context/base/mkii/supp-pdf.mkii
[Loading MPS to PDF converter (version 2006.09.02).]
\scratchcounter=\count388
\scratchdimen=\dimen344
\scratchbox=\box97
\nofMPsegments=\count389
\nofMParguments=\count390
\everyMPshowfont=\toks64
\MPscratchCnt=\count391
\MPscratchDim=\dimen345
\MPnumerator=\count392
\makeMPintoPDFobject=\count393
\everyMPtoPDFconversion=\toks65
) (/nix/store/vmxfvknasr3gjwiaivg3m4z7gz6a65a1-texlive-combined-full-2025.20250703-texmfdist/tex/latex/epstopdf-pkg/epstopdf-base.sty
Package: epstopdf-base 2020-01-24 v2.11 Base part for package epstopdf
 (/nix/store/vmxfvknasr3gjwiaivg3m4z7gz6a65a1-texlive-combined-full-2025.20250703-texmfdist/tex/latex/grfext/grfext.sty
Package: grfext 2019/12/03 v1.3 Manage graphics extensions (HO)
)
Package epstopdf-base Info: Redefining graphics rule for `.eps' on input line 485.
Package grfext Info: Graphics extension search list:
(grfext)             [.pdf,.png,.jpg,.mps,.jpeg,.jbig2,.jb2,.PDF,.PNG,.JPG,.JPEG,.JBIG2,.JB2,.eps]
(grfext)             \AppendGraphicsExtensions on input line 504.
 (/nix/store/vmxfvknasr3gjwiaivg3m4z7gz6a65a1-texlive-combined-full-2025.20250703-texmfdist/tex/latex/latexconfig/epstopdf-sys.cfg
File: epstopdf-sys.cfg 2010/07/13 v1.3 Configuration of (r)epstopdf for TeX Live
))
Package pgfplots notification 'compat/show suggested version=true': document has been generated with the most recent feature set (\pgfplotsset{compat=1.18}).

\c@lstlisting=\count394
(/nix/store/vmxfvknasr3gjwiaivg3m4z7gz6a65a1-texlive-combined-full-2025.20250703-texmfdist/tex/latex/base/inputenc.sty
Package: inputenc 2024/02/08 v1.3d Input encoding file
\inpenc@prehook=\toks66
\inpenc@posthook=\toks67
)
Package caption Info: Begin \AtBeginDocument code.
Package caption Info: hyperref package is loaded.
Package caption Info: End \AtBeginDocument code.
Package hyperref Info: Link coloring ON on input line 19.
 (./main.out) (./main.out)
\@outlinefile=\write4
\openout4 = `main.out'.

 (./problems/prob1.tex
Package microtype Info: Loading generic protrusion settings for font family
(microtype)             `cmtt' (encoding: OT1).
(microtype)             For optimal results, create family-specific settings.
(microtype)             See the microtype manual for details.
LaTeX Font Info:    Trying to load font information for U+msa on input line 12.
 (/nix/store/vmxfvknasr3gjwiaivg3m4z7gz6a65a1-texlive-combined-full-2025.20250703-texmfdist/tex/latex/amsfonts/umsa.fd
File: umsa.fd 2013/01/14 v3.01 AMS symbols A
) (/nix/store/vmxfvknasr3gjwiaivg3m4z7gz6a65a1-texlive-combined-full-2025.20250703-texmfdist/tex/latex/microtype/mt-msa.cfg
File: mt-msa.cfg 2006/02/04 v1.1 microtype config. file: AMS symbols (a) (RS)
)
LaTeX Font Info:    Trying to load font information for U+msb on input line 12.
 (/nix/store/vmxfvknasr3gjwiaivg3m4z7gz6a65a1-texlive-combined-full-2025.20250703-texmfdist/tex/latex/amsfonts/umsb.fd
File: umsb.fd 2013/01/14 v3.01 AMS symbols B
) (/nix/store/vmxfvknasr3gjwiaivg3m4z7gz6a65a1-texlive-combined-full-2025.20250703-texmfdist/tex/latex/microtype/mt-msb.cfg
File: mt-msb.cfg 2005/06/01 v1.0 microtype config. file: AMS symbols (b) (RS)
)
LaTeX Font Info:    Trying to load font information for U+esint on input line 12.
 (/nix/store/vmxfvknasr3gjwiaivg3m4z7gz6a65a1-texlive-combined-full-2025.20250703-texmfdist/tex/latex/esint/uesint.fd
File: uesint.fd 
))

[1{/nix/store/jc4mpfw3hf30gr1rc0knjj1glfcf4bki-texlive-combined-full-2025.20250703/share/texmf-var/fonts/map/pdftex/updmap/pdftex.map}

] (./main.aux)
 ***********
LaTeX2e <2025-06-01> patch level 1
L3 programming layer <2025-06-09>
 ***********
Package rerunfilecheck Info: File `main.out' has not changed.
(rerunfilecheck)             Checksum: 1FCDD4374368E63D65DA7613F9A8C7BE;446.
 ) 
Here is how much of TeX's memory you used:
 49061 strings out of 467888
 1194386 string characters out of 5405403
 1701600 words of memory out of 5000000
 76868 multiletter control sequences out of 15000+600000
 636722 words of font info for 93 fonts, out of 8000000 for 9000
 1141 hyphenation exceptions out of 8191
 107i,11n,110p,1001b,1117s stack positions out of 10000i,1000n,20000p,200000b,200000s
</nix/store/vmxfvknasr3gjwiaivg3m4z7gz6a65a1-texlive-combined-full-2025.20250703-texmfdist/fonts/type1/public/amsfonts/cm/cmbx10.pfb></nix/store/vmxfvknasr3gjwiaivg3m4z7gz6a65a1-texlive-combined-full-2025.20250703-texmfdist/fonts/type1/public/amsfonts/cm/cmbx12.pfb></nix/store/vmxfvknasr3gjwiaivg3m4z7gz6a65a1-texlive-combined-full-2025.20250703-texmfdist/fonts/type1/public/amsfonts/cm/cmex10.pfb></nix/store/vmxfvknasr3gjwiaivg3m4z7gz6a65a1-texlive-combined-full-2025.20250703-texmfdist/fonts/type1/public/amsfonts/cm/cmmi10.pfb></nix/store/vmxfvknasr3gjwiaivg3m4z7gz6a65a1-texlive-combined-full-2025.20250703-texmfdist/fonts/type1/public/amsfonts/cm/cmr10.pfb></nix/store/vmxfvknasr3gjwiaivg3m4z7gz6a65a1-texlive-combined-full-2025.20250703-texmfdist/fonts/type1/public/amsfonts/cm/cmsy10.pfb></nix/store/vmxfvknasr3gjwiaivg3m4z7gz6a65a1-texlive-combined-full-2025.20250703-texmfdist/fonts/type1/public/amsfonts/cm/cmti10.pfb></nix/store/vmxfvknasr3gjwiaivg3m4z7gz6a65a1-texlive-combined-full-2025.20250703-texmfdist/fonts/type1/public/amsfonts/cm/cmtt10.pfb></nix/store/vmxfvknasr3gjwiaivg3m4z7gz6a65a1-texlive-combined-full-2025.20250703-texmfdist/fonts/type1/public/amsfonts/symbols/msam10.pfb>
Output written on main.pdf (1 page, 110893 bytes).
PDF statistics:
 117 PDF objects out of 1000 (max. 8388607)
 71 compressed objects within 1 object stream
 9 named destinations out of 1000 (max. 500000)
 19125 words of extra memory for PDF output out of 20736 (max. 10000000)

